<?xml version="1.0" encoding="UTF-8"?>
<coverage generated="1765761242983" clover="3.2.0">
  <project timestamp="1765761242983" name="All files">
    <metrics statements="132" coveredstatements="131" conditionals="100" coveredconditionals="95" methods="16" coveredmethods="16" elements="248" coveredelements="242" complexity="0" loc="132" ncloc="132" packages="1" files="1" classes="1"/>
    <file name="policy-layer.js" path="C:\Users\Administrator\trigger\src\policy-layer.js">
      <metrics statements="132" coveredstatements="131" conditionals="100" coveredconditionals="95" methods="16" coveredmethods="16"/>
      <line num="21" count="1" type="stmt"/>
      <line num="38" count="1" type="stmt"/>
      <line num="46" count="1" type="stmt"/>
      <line num="61" count="1" type="stmt"/>
      <line num="87" count="759" type="stmt"/>
      <line num="88" count="759" type="stmt"/>
      <line num="91" count="759" type="cond" truecount="2" falsecount="0"/>
      <line num="92" count="205" type="stmt"/>
      <line num="96" count="554" type="stmt"/>
      <line num="97" count="554" type="stmt"/>
      <line num="98" count="554" type="stmt"/>
      <line num="101" count="0" type="stmt"/>
      <line num="110" count="28" type="stmt"/>
      <line num="111" count="28" type="stmt"/>
      <line num="113" count="28" type="cond" truecount="2" falsecount="0"/>
      <line num="114" count="2" type="stmt"/>
      <line num="118" count="26" type="cond" truecount="2" falsecount="0"/>
      <line num="119" count="26" type="cond" truecount="2" falsecount="0"/>
      <line num="120" count="1" type="stmt"/>
      <line num="121" count="1" type="stmt"/>
      <line num="125" count="26" type="stmt"/>
      <line num="130" count="26" type="stmt"/>
      <line num="131" count="575" type="cond" truecount="2" falsecount="0"/>
      <line num="132" count="8" type="stmt"/>
      <line num="133" count="8" type="stmt"/>
      <line num="143" count="18" type="cond" truecount="2" falsecount="0"/>
      <line num="144" count="17" type="cond" truecount="2" falsecount="0"/>
      <line num="145" count="1" type="stmt"/>
      <line num="146" count="1" type="stmt"/>
      <line num="156" count="17" type="cond" truecount="2" falsecount="0"/>
      <line num="157" count="16" type="stmt"/>
      <line num="158" count="16" type="cond" truecount="2" falsecount="0"/>
      <line num="159" count="1" type="stmt"/>
      <line num="160" count="1" type="stmt"/>
      <line num="169" count="15" type="stmt"/>
      <line num="170" count="179" type="cond" truecount="2" falsecount="0"/>
      <line num="171" count="2" type="stmt"/>
      <line num="172" count="2" type="stmt"/>
      <line num="183" count="14" type="stmt"/>
      <line num="192" count="14" type="stmt"/>
      <line num="193" count="176" type="cond" truecount="2" falsecount="0"/>
      <line num="194" count="3" type="stmt"/>
      <line num="195" count="3" type="stmt"/>
      <line num="205" count="11" type="cond" truecount="4" falsecount="0"/>
      <line num="206" count="3" type="stmt"/>
      <line num="207" count="3" type="stmt"/>
      <line num="215" count="8" type="stmt"/>
      <line num="216" count="8" type="stmt"/>
      <line num="223" count="23" type="stmt"/>
      <line num="226" count="23" type="stmt"/>
      <line num="227" count="23" type="cond" truecount="2" falsecount="0"/>
      <line num="228" count="3" type="stmt"/>
      <line num="232" count="20" type="stmt"/>
      <line num="233" count="20" type="stmt"/>
      <line num="235" count="20" type="cond" truecount="4" falsecount="0"/>
      <line num="236" count="3" type="stmt"/>
      <line num="239" count="17" type="stmt"/>
      <line num="247" count="25" type="cond" truecount="2" falsecount="0"/>
      <line num="250" count="22" type="cond" truecount="2" falsecount="0"/>
      <line num="255" count="21" type="cond" truecount="2" falsecount="0"/>
      <line num="258" count="20" type="cond" truecount="2" falsecount="0"/>
      <line num="260" count="18" type="stmt"/>
      <line num="267" count="1" type="stmt"/>
      <line num="268" count="1" type="stmt"/>
      <line num="277" count="11" type="cond" truecount="2" falsecount="0"/>
      <line num="279" count="10" type="stmt"/>
      <line num="280" count="10" type="stmt"/>
      <line num="283" count="10" type="cond" truecount="2" falsecount="0"/>
      <line num="290" count="10" type="stmt"/>
      <line num="291" count="10" type="cond" truecount="2" falsecount="0"/>
      <line num="292" count="2" type="stmt"/>
      <line num="296" count="8" type="stmt"/>
      <line num="297" count="52" type="cond" truecount="2" falsecount="0"/>
      <line num="299" count="8" type="cond" truecount="2" falsecount="0"/>
      <line num="300" count="6" type="stmt"/>
      <line num="305" count="2" type="cond" truecount="2" falsecount="0"/>
      <line num="306" count="1" type="stmt"/>
      <line num="311" count="1" type="stmt"/>
      <line num="318" count="1" type="stmt"/>
      <line num="327" count="17" type="cond" truecount="2" falsecount="0"/>
      <line num="329" count="16" type="stmt"/>
      <line num="332" count="16" type="stmt"/>
      <line num="333" count="152" type="cond" truecount="2" falsecount="0"/>
      <line num="335" count="54" type="stmt"/>
      <line num="336" count="3" type="cond" truecount="1" falsecount="1"/>
      <line num="338" count="3" type="stmt"/>
      <line num="344" count="13" type="stmt"/>
      <line num="345" count="206" type="cond" truecount="2" falsecount="0"/>
      <line num="346" count="3" type="stmt"/>
      <line num="351" count="10" type="cond" truecount="2" falsecount="0"/>
      <line num="358" count="10" type="stmt"/>
      <line num="359" count="86" type="cond" truecount="2" falsecount="0"/>
      <line num="360" count="5" type="stmt"/>
      <line num="365" count="5" type="cond" truecount="4" falsecount="0"/>
      <line num="366" count="1" type="stmt"/>
      <line num="370" count="4" type="cond" truecount="2" falsecount="0"/>
      <line num="371" count="1" type="stmt"/>
      <line num="375" count="3" type="stmt"/>
      <line num="376" count="3" type="stmt"/>
      <line num="377" count="8" type="cond" truecount="2" falsecount="0"/>
      <line num="378" count="2" type="stmt"/>
      <line num="382" count="1" type="stmt"/>
      <line num="389" count="1" type="stmt"/>
      <line num="396" count="7" type="stmt"/>
      <line num="402" count="7" type="cond" truecount="2" falsecount="0"/>
      <line num="403" count="7" type="stmt"/>
      <line num="405" count="7" type="stmt"/>
      <line num="406" count="27" type="cond" truecount="2" falsecount="0"/>
      <line num="407" count="3" type="stmt"/>
      <line num="410" count="4" type="stmt"/>
      <line num="417" count="4" type="cond" truecount="2" falsecount="0"/>
      <line num="419" count="3" type="stmt"/>
      <line num="420" count="3" type="stmt"/>
      <line num="421" count="3" type="stmt"/>
      <line num="422" count="3" type="stmt"/>
      <line num="423" count="3" type="stmt"/>
      <line num="425" count="3" type="cond" truecount="2" falsecount="0"/>
      <line num="426" count="1" type="stmt"/>
      <line num="429" count="2" type="stmt"/>
      <line num="430" count="2" type="cond" truecount="2" falsecount="0"/>
      <line num="431" count="1" type="stmt"/>
      <line num="434" count="1" type="stmt"/>
      <line num="442" count="22" type="cond" truecount="4" falsecount="0"/>
      <line num="443" count="5" type="stmt"/>
      <line num="447" count="17" type="stmt"/>
      <line num="454" count="17" type="stmt"/>
      <line num="462" count="5" type="cond" truecount="2" falsecount="0"/>
      <line num="463" count="1" type="stmt"/>
      <line num="467" count="4" type="stmt"/>
      <line num="474" count="555" type="stmt"/>
      <line num="481" count="1" type="stmt"/>
      <line num="490" count="1" type="stmt"/>
    </file>
  </project>
</coverage>
