{"C:\\Users\\Administrator\\trigger\\src\\policy-layer.js": {"path":"C:\\Users\\Administrator\\trigger\\src\\policy-layer.js","statementMap":{"0":{"start":{"line":21,"column":30},"end":{"line":35,"column":5}},"1":{"start":{"line":38,"column":29},"end":{"line":43,"column":5}},"2":{"start":{"line":46,"column":32},"end":{"line":58,"column":5}},"3":{"start":{"line":61,"column":27},"end":{"line":80,"column":5}},"4":{"start":{"line":87,"column":26},"end":{"line":87,"column":44}},"5":{"start":{"line":88,"column":26},"end":{"line":88,"column":44}},"6":{"start":{"line":91,"column":8},"end":{"line":93,"column":9}},"7":{"start":{"line":92,"column":12},"end":{"line":92,"column":49}},"8":{"start":{"line":96,"column":8},"end":{"line":102,"column":9}},"9":{"start":{"line":97,"column":26},"end":{"line":97,"column":81}},"10":{"start":{"line":98,"column":12},"end":{"line":98,"column":41}},"11":{"start":{"line":101,"column":12},"end":{"line":101,"column":49}},"12":{"start":{"line":110,"column":21},"end":{"line":110,"column":23}},"13":{"start":{"line":111,"column":24},"end":{"line":111,"column":32}},"14":{"start":{"line":113,"column":8},"end":{"line":115,"column":9}},"15":{"start":{"line":114,"column":12},"end":{"line":114,"column":86}},"16":{"start":{"line":118,"column":25},"end":{"line":118,"column":60}},"17":{"start":{"line":119,"column":8},"end":{"line":122,"column":9}},"18":{"start":{"line":120,"column":12},"end":{"line":120,"column":69}},"19":{"start":{"line":121,"column":12},"end":{"line":121,"column":84}},"20":{"start":{"line":125,"column":31},"end":{"line":128,"column":9}},"21":{"start":{"line":130,"column":8},"end":{"line":140,"column":9}},"22":{"start":{"line":131,"column":12},"end":{"line":139,"column":13}},"23":{"start":{"line":132,"column":16},"end":{"line":132,"column":63}},"24":{"start":{"line":133,"column":16},"end":{"line":138,"column":18}},"25":{"start":{"line":143,"column":8},"end":{"line":153,"column":9}},"26":{"start":{"line":144,"column":12},"end":{"line":152,"column":13}},"27":{"start":{"line":145,"column":16},"end":{"line":145,"column":52}},"28":{"start":{"line":146,"column":16},"end":{"line":151,"column":18}},"29":{"start":{"line":156,"column":8},"end":{"line":180,"column":9}},"30":{"start":{"line":157,"column":32},"end":{"line":157,"column":59}},"31":{"start":{"line":158,"column":12},"end":{"line":166,"column":13}},"32":{"start":{"line":159,"column":16},"end":{"line":159,"column":60}},"33":{"start":{"line":160,"column":16},"end":{"line":165,"column":18}},"34":{"start":{"line":169,"column":12},"end":{"line":179,"column":13}},"35":{"start":{"line":170,"column":16},"end":{"line":178,"column":17}},"36":{"start":{"line":171,"column":20},"end":{"line":171,"column":63}},"37":{"start":{"line":172,"column":20},"end":{"line":177,"column":22}},"38":{"start":{"line":183,"column":33},"end":{"line":190,"column":9}},"39":{"start":{"line":192,"column":8},"end":{"line":202,"column":9}},"40":{"start":{"line":193,"column":12},"end":{"line":201,"column":13}},"41":{"start":{"line":194,"column":16},"end":{"line":194,"column":67}},"42":{"start":{"line":195,"column":16},"end":{"line":200,"column":18}},"43":{"start":{"line":205,"column":8},"end":{"line":213,"column":9}},"44":{"start":{"line":206,"column":12},"end":{"line":206,"column":78}},"45":{"start":{"line":207,"column":12},"end":{"line":212,"column":14}},"46":{"start":{"line":215,"column":8},"end":{"line":215,"column":45}},"47":{"start":{"line":216,"column":8},"end":{"line":216,"column":74}},"48":{"start":{"line":223,"column":26},"end":{"line":223,"column":44}},"49":{"start":{"line":226,"column":30},"end":{"line":226,"column":68}},"50":{"start":{"line":227,"column":8},"end":{"line":229,"column":9}},"51":{"start":{"line":228,"column":12},"end":{"line":228,"column":63}},"52":{"start":{"line":232,"column":32},"end":{"line":232,"column":56}},"53":{"start":{"line":233,"column":34},"end":{"line":233,"column":127}},"54":{"start":{"line":235,"column":8},"end":{"line":237,"column":9}},"55":{"start":{"line":236,"column":12},"end":{"line":236,"column":69}},"56":{"start":{"line":239,"column":8},"end":{"line":239,"column":49}},"57":{"start":{"line":247,"column":8},"end":{"line":247,"column":57}},"58":{"start":{"line":247,"column":45},"end":{"line":247,"column":57}},"59":{"start":{"line":250,"column":8},"end":{"line":250,"column":51}},"60":{"start":{"line":250,"column":39},"end":{"line":250,"column":51}},"61":{"start":{"line":255,"column":8},"end":{"line":255,"column":91}},"62":{"start":{"line":255,"column":79},"end":{"line":255,"column":91}},"63":{"start":{"line":258,"column":8},"end":{"line":258,"column":93}},"64":{"start":{"line":258,"column":81},"end":{"line":258,"column":93}},"65":{"start":{"line":260,"column":8},"end":{"line":260,"column":21}},"66":{"start":{"line":267,"column":23},"end":{"line":267,"column":64}},"67":{"start":{"line":268,"column":8},"end":{"line":268,"column":31}},"68":{"start":{"line":277,"column":8},"end":{"line":277,"column":59}},"69":{"start":{"line":277,"column":22},"end":{"line":277,"column":59}},"70":{"start":{"line":279,"column":29},"end":{"line":279,"column":57}},"71":{"start":{"line":280,"column":28},"end":{"line":280,"column":49}},"72":{"start":{"line":283,"column":22},"end":{"line":287,"column":9}},"73":{"start":{"line":290,"column":26},"end":{"line":290,"column":45}},"74":{"start":{"line":291,"column":8},"end":{"line":293,"column":9}},"75":{"start":{"line":292,"column":12},"end":{"line":292,"column":56}},"76":{"start":{"line":296,"column":8},"end":{"line":309,"column":9}},"77":{"start":{"line":297,"column":12},"end":{"line":308,"column":13}},"78":{"start":{"line":299,"column":16},"end":{"line":301,"column":17}},"79":{"start":{"line":300,"column":20},"end":{"line":300,"column":71}},"80":{"start":{"line":305,"column":16},"end":{"line":307,"column":17}},"81":{"start":{"line":306,"column":20},"end":{"line":306,"column":76}},"82":{"start":{"line":311,"column":8},"end":{"line":311,"column":45}},"83":{"start":{"line":318,"column":8},"end":{"line":318,"column":66}},"84":{"start":{"line":327,"column":8},"end":{"line":327,"column":63}},"85":{"start":{"line":327,"column":22},"end":{"line":327,"column":63}},"86":{"start":{"line":329,"column":29},"end":{"line":329,"column":50}},"87":{"start":{"line":332,"column":8},"end":{"line":341,"column":9}},"88":{"start":{"line":333,"column":12},"end":{"line":340,"column":13}},"89":{"start":{"line":335,"column":40},"end":{"line":335,"column":94}},"90":{"start":{"line":335,"column":69},"end":{"line":335,"column":93}},"91":{"start":{"line":336,"column":16},"end":{"line":339,"column":17}},"92":{"start":{"line":338,"column":20},"end":{"line":338,"column":88}},"93":{"start":{"line":344,"column":8},"end":{"line":348,"column":9}},"94":{"start":{"line":345,"column":12},"end":{"line":347,"column":13}},"95":{"start":{"line":346,"column":16},"end":{"line":346,"column":78}},"96":{"start":{"line":351,"column":22},"end":{"line":356,"column":9}},"97":{"start":{"line":358,"column":8},"end":{"line":362,"column":9}},"98":{"start":{"line":359,"column":12},"end":{"line":361,"column":13}},"99":{"start":{"line":360,"column":16},"end":{"line":360,"column":77}},"100":{"start":{"line":365,"column":8},"end":{"line":367,"column":9}},"101":{"start":{"line":366,"column":12},"end":{"line":366,"column":63}},"102":{"start":{"line":370,"column":8},"end":{"line":372,"column":9}},"103":{"start":{"line":371,"column":12},"end":{"line":371,"column":62}},"104":{"start":{"line":375,"column":32},"end":{"line":375,"column":73}},"105":{"start":{"line":376,"column":8},"end":{"line":380,"column":9}},"106":{"start":{"line":377,"column":12},"end":{"line":379,"column":13}},"107":{"start":{"line":378,"column":16},"end":{"line":378,"column":67}},"108":{"start":{"line":382,"column":8},"end":{"line":382,"column":49}},"109":{"start":{"line":389,"column":8},"end":{"line":389,"column":80}},"110":{"start":{"line":396,"column":32},"end":{"line":400,"column":9}},"111":{"start":{"line":402,"column":27},"end":{"line":402,"column":55}},"112":{"start":{"line":403,"column":30},"end":{"line":403,"column":52}},"113":{"start":{"line":405,"column":8},"end":{"line":409,"column":9}},"114":{"start":{"line":406,"column":12},"end":{"line":408,"column":13}},"115":{"start":{"line":407,"column":16},"end":{"line":407,"column":29}},"116":{"start":{"line":410,"column":8},"end":{"line":410,"column":20}},"117":{"start":{"line":417,"column":8},"end":{"line":417,"column":50}},"118":{"start":{"line":417,"column":38},"end":{"line":417,"column":50}},"119":{"start":{"line":419,"column":26},"end":{"line":419,"column":54}},"120":{"start":{"line":420,"column":27},"end":{"line":420,"column":53}},"121":{"start":{"line":421,"column":29},"end":{"line":421,"column":55}},"122":{"start":{"line":422,"column":32},"end":{"line":422,"column":58}},"123":{"start":{"line":423,"column":24},"end":{"line":423,"column":75}},"124":{"start":{"line":425,"column":8},"end":{"line":427,"column":9}},"125":{"start":{"line":426,"column":12},"end":{"line":426,"column":55}},"126":{"start":{"line":429,"column":26},"end":{"line":429,"column":52}},"127":{"start":{"line":430,"column":8},"end":{"line":432,"column":9}},"128":{"start":{"line":431,"column":12},"end":{"line":431,"column":61}},"129":{"start":{"line":434,"column":8},"end":{"line":434,"column":33}},"130":{"start":{"line":442,"column":8},"end":{"line":444,"column":9}},"131":{"start":{"line":443,"column":12},"end":{"line":443,"column":99}},"132":{"start":{"line":447,"column":30},"end":{"line":453,"column":9}},"133":{"start":{"line":454,"column":8},"end":{"line":454,"column":79}},"134":{"start":{"line":462,"column":8},"end":{"line":464,"column":9}},"135":{"start":{"line":463,"column":12},"end":{"line":463,"column":42}},"136":{"start":{"line":467,"column":8},"end":{"line":467,"column":64}},"137":{"start":{"line":474,"column":8},"end":{"line":474,"column":61}},"138":{"start":{"line":481,"column":8},"end":{"line":486,"column":10}},"139":{"start":{"line":490,"column":0},"end":{"line":490,"column":29}}},"fnMap":{"0":{"name":"(anonymous_0)","decl":{"start":{"line":86,"column":4},"end":{"line":86,"column":5}},"loc":{"start":{"line":86,"column":36},"end":{"line":103,"column":5}},"line":86},"1":{"name":"(anonymous_1)","decl":{"start":{"line":109,"column":4},"end":{"line":109,"column":5}},"loc":{"start":{"line":109,"column":67},"end":{"line":217,"column":5}},"line":109},"2":{"name":"(anonymous_2)","decl":{"start":{"line":222,"column":4},"end":{"line":222,"column":5}},"loc":{"start":{"line":222,"column":29},"end":{"line":240,"column":5}},"line":222},"3":{"name":"(anonymous_3)","decl":{"start":{"line":245,"column":4},"end":{"line":245,"column":5}},"loc":{"start":{"line":245,"column":25},"end":{"line":261,"column":5}},"line":245},"4":{"name":"(anonymous_4)","decl":{"start":{"line":266,"column":4},"end":{"line":266,"column":5}},"loc":{"start":{"line":266,"column":43},"end":{"line":269,"column":5}},"line":266},"5":{"name":"(anonymous_5)","decl":{"start":{"line":276,"column":4},"end":{"line":276,"column":5}},"loc":{"start":{"line":276,"column":57},"end":{"line":312,"column":5}},"line":276},"6":{"name":"(anonymous_6)","decl":{"start":{"line":317,"column":4},"end":{"line":317,"column":5}},"loc":{"start":{"line":317,"column":47},"end":{"line":319,"column":5}},"line":317},"7":{"name":"(anonymous_7)","decl":{"start":{"line":326,"column":4},"end":{"line":326,"column":5}},"loc":{"start":{"line":326,"column":67},"end":{"line":383,"column":5}},"line":326},"8":{"name":"(anonymous_8)","decl":{"start":{"line":335,"column":64},"end":{"line":335,"column":65}},"loc":{"start":{"line":335,"column":69},"end":{"line":335,"column":93}},"line":335},"9":{"name":"(anonymous_9)","decl":{"start":{"line":388,"column":4},"end":{"line":388,"column":5}},"loc":{"start":{"line":388,"column":57},"end":{"line":390,"column":5}},"line":388},"10":{"name":"(anonymous_10)","decl":{"start":{"line":395,"column":4},"end":{"line":395,"column":5}},"loc":{"start":{"line":395,"column":45},"end":{"line":411,"column":5}},"line":395},"11":{"name":"(anonymous_11)","decl":{"start":{"line":416,"column":4},"end":{"line":416,"column":5}},"loc":{"start":{"line":416,"column":47},"end":{"line":435,"column":5}},"line":416},"12":{"name":"(anonymous_12)","decl":{"start":{"line":440,"column":4},"end":{"line":440,"column":5}},"loc":{"start":{"line":440,"column":40},"end":{"line":455,"column":5}},"line":440},"13":{"name":"(anonymous_13)","decl":{"start":{"line":461,"column":4},"end":{"line":461,"column":5}},"loc":{"start":{"line":461,"column":42},"end":{"line":468,"column":5}},"line":461},"14":{"name":"(anonymous_14)","decl":{"start":{"line":473,"column":4},"end":{"line":473,"column":5}},"loc":{"start":{"line":473,"column":31},"end":{"line":475,"column":5}},"line":473},"15":{"name":"(anonymous_15)","decl":{"start":{"line":480,"column":4},"end":{"line":480,"column":5}},"loc":{"start":{"line":480,"column":55},"end":{"line":487,"column":5}},"line":480}},"branchMap":{"0":{"loc":{"start":{"line":91,"column":8},"end":{"line":93,"column":9}},"type":"if","locations":[{"start":{"line":91,"column":8},"end":{"line":93,"column":9}},{"start":{},"end":{}}],"line":91},"1":{"loc":{"start":{"line":109,"column":40},"end":{"line":109,"column":51}},"type":"default-arg","locations":[{"start":{"line":109,"column":49},"end":{"line":109,"column":51}}],"line":109},"2":{"loc":{"start":{"line":109,"column":53},"end":{"line":109,"column":65}},"type":"default-arg","locations":[{"start":{"line":109,"column":63},"end":{"line":109,"column":65}}],"line":109},"3":{"loc":{"start":{"line":113,"column":8},"end":{"line":115,"column":9}},"type":"if","locations":[{"start":{"line":113,"column":8},"end":{"line":115,"column":9}},{"start":{},"end":{}}],"line":113},"4":{"loc":{"start":{"line":118,"column":25},"end":{"line":118,"column":60}},"type":"binary-expr","locations":[{"start":{"line":118,"column":25},"end":{"line":118,"column":53}},{"start":{"line":118,"column":57},"end":{"line":118,"column":60}}],"line":118},"5":{"loc":{"start":{"line":119,"column":8},"end":{"line":122,"column":9}},"type":"if","locations":[{"start":{"line":119,"column":8},"end":{"line":122,"column":9}},{"start":{},"end":{}}],"line":119},"6":{"loc":{"start":{"line":127,"column":16},"end":{"line":127,"column":44}},"type":"binary-expr","locations":[{"start":{"line":127,"column":16},"end":{"line":127,"column":38}},{"start":{"line":127,"column":42},"end":{"line":127,"column":44}}],"line":127},"7":{"loc":{"start":{"line":131,"column":12},"end":{"line":139,"column":13}},"type":"if","locations":[{"start":{"line":131,"column":12},"end":{"line":139,"column":13}},{"start":{},"end":{}}],"line":131},"8":{"loc":{"start":{"line":143,"column":8},"end":{"line":153,"column":9}},"type":"if","locations":[{"start":{"line":143,"column":8},"end":{"line":153,"column":9}},{"start":{},"end":{}}],"line":143},"9":{"loc":{"start":{"line":144,"column":12},"end":{"line":152,"column":13}},"type":"if","locations":[{"start":{"line":144,"column":12},"end":{"line":152,"column":13}},{"start":{},"end":{}}],"line":144},"10":{"loc":{"start":{"line":156,"column":8},"end":{"line":180,"column":9}},"type":"if","locations":[{"start":{"line":156,"column":8},"end":{"line":180,"column":9}},{"start":{},"end":{}}],"line":156},"11":{"loc":{"start":{"line":158,"column":12},"end":{"line":166,"column":13}},"type":"if","locations":[{"start":{"line":158,"column":12},"end":{"line":166,"column":13}},{"start":{},"end":{}}],"line":158},"12":{"loc":{"start":{"line":170,"column":16},"end":{"line":178,"column":17}},"type":"if","locations":[{"start":{"line":170,"column":16},"end":{"line":178,"column":17}},{"start":{},"end":{}}],"line":170},"13":{"loc":{"start":{"line":193,"column":12},"end":{"line":201,"column":13}},"type":"if","locations":[{"start":{"line":193,"column":12},"end":{"line":201,"column":13}},{"start":{},"end":{}}],"line":193},"14":{"loc":{"start":{"line":205,"column":8},"end":{"line":213,"column":9}},"type":"if","locations":[{"start":{"line":205,"column":8},"end":{"line":213,"column":9}},{"start":{},"end":{}}],"line":205},"15":{"loc":{"start":{"line":205,"column":12},"end":{"line":205,"column":77}},"type":"binary-expr","locations":[{"start":{"line":205,"column":12},"end":{"line":205,"column":25}},{"start":{"line":205,"column":29},"end":{"line":205,"column":77}}],"line":205},"16":{"loc":{"start":{"line":227,"column":8},"end":{"line":229,"column":9}},"type":"if","locations":[{"start":{"line":227,"column":8},"end":{"line":229,"column":9}},{"start":{},"end":{}}],"line":227},"17":{"loc":{"start":{"line":235,"column":8},"end":{"line":237,"column":9}},"type":"if","locations":[{"start":{"line":235,"column":8},"end":{"line":237,"column":9}},{"start":{},"end":{}}],"line":235},"18":{"loc":{"start":{"line":235,"column":12},"end":{"line":235,"column":75}},"type":"binary-expr","locations":[{"start":{"line":235,"column":12},"end":{"line":235,"column":38}},{"start":{"line":235,"column":42},"end":{"line":235,"column":75}}],"line":235},"19":{"loc":{"start":{"line":247,"column":8},"end":{"line":247,"column":57}},"type":"if","locations":[{"start":{"line":247,"column":8},"end":{"line":247,"column":57}},{"start":{},"end":{}}],"line":247},"20":{"loc":{"start":{"line":250,"column":8},"end":{"line":250,"column":51}},"type":"if","locations":[{"start":{"line":250,"column":8},"end":{"line":250,"column":51}},{"start":{},"end":{}}],"line":250},"21":{"loc":{"start":{"line":255,"column":8},"end":{"line":255,"column":91}},"type":"if","locations":[{"start":{"line":255,"column":8},"end":{"line":255,"column":91}},{"start":{},"end":{}}],"line":255},"22":{"loc":{"start":{"line":258,"column":8},"end":{"line":258,"column":93}},"type":"if","locations":[{"start":{"line":258,"column":8},"end":{"line":258,"column":93}},{"start":{},"end":{}}],"line":258},"23":{"loc":{"start":{"line":266,"column":30},"end":{"line":266,"column":41}},"type":"default-arg","locations":[{"start":{"line":266,"column":39},"end":{"line":266,"column":41}}],"line":266},"24":{"loc":{"start":{"line":276,"column":41},"end":{"line":276,"column":55}},"type":"default-arg","locations":[{"start":{"line":276,"column":53},"end":{"line":276,"column":55}}],"line":276},"25":{"loc":{"start":{"line":277,"column":8},"end":{"line":277,"column":59}},"type":"if","locations":[{"start":{"line":277,"column":8},"end":{"line":277,"column":59}},{"start":{},"end":{}}],"line":277},"26":{"loc":{"start":{"line":283,"column":22},"end":{"line":287,"column":9}},"type":"cond-expr","locations":[{"start":{"line":283,"column":45},"end":{"line":283,"column":54}},{"start":{"line":283,"column":57},"end":{"line":287,"column":9}}],"line":283},"27":{"loc":{"start":{"line":291,"column":8},"end":{"line":293,"column":9}},"type":"if","locations":[{"start":{"line":291,"column":8},"end":{"line":293,"column":9}},{"start":{},"end":{}}],"line":291},"28":{"loc":{"start":{"line":297,"column":12},"end":{"line":308,"column":13}},"type":"if","locations":[{"start":{"line":297,"column":12},"end":{"line":308,"column":13}},{"start":{},"end":{}}],"line":297},"29":{"loc":{"start":{"line":299,"column":16},"end":{"line":301,"column":17}},"type":"if","locations":[{"start":{"line":299,"column":16},"end":{"line":301,"column":17}},{"start":{},"end":{}}],"line":299},"30":{"loc":{"start":{"line":305,"column":16},"end":{"line":307,"column":17}},"type":"if","locations":[{"start":{"line":305,"column":16},"end":{"line":307,"column":17}},{"start":{},"end":{}}],"line":305},"31":{"loc":{"start":{"line":317,"column":31},"end":{"line":317,"column":45}},"type":"default-arg","locations":[{"start":{"line":317,"column":43},"end":{"line":317,"column":45}}],"line":317},"32":{"loc":{"start":{"line":326,"column":45},"end":{"line":326,"column":65}},"type":"default-arg","locations":[{"start":{"line":326,"column":63},"end":{"line":326,"column":65}}],"line":326},"33":{"loc":{"start":{"line":327,"column":8},"end":{"line":327,"column":63}},"type":"if","locations":[{"start":{"line":327,"column":8},"end":{"line":327,"column":63}},{"start":{},"end":{}}],"line":327},"34":{"loc":{"start":{"line":333,"column":12},"end":{"line":340,"column":13}},"type":"if","locations":[{"start":{"line":333,"column":12},"end":{"line":340,"column":13}},{"start":{},"end":{}}],"line":333},"35":{"loc":{"start":{"line":336,"column":16},"end":{"line":339,"column":17}},"type":"if","locations":[{"start":{"line":336,"column":16},"end":{"line":339,"column":17}},{"start":{},"end":{}}],"line":336},"36":{"loc":{"start":{"line":345,"column":12},"end":{"line":347,"column":13}},"type":"if","locations":[{"start":{"line":345,"column":12},"end":{"line":347,"column":13}},{"start":{},"end":{}}],"line":345},"37":{"loc":{"start":{"line":351,"column":22},"end":{"line":356,"column":9}},"type":"cond-expr","locations":[{"start":{"line":351,"column":51},"end":{"line":351,"column":66}},{"start":{"line":351,"column":69},"end":{"line":356,"column":9}}],"line":351},"38":{"loc":{"start":{"line":359,"column":12},"end":{"line":361,"column":13}},"type":"if","locations":[{"start":{"line":359,"column":12},"end":{"line":361,"column":13}},{"start":{},"end":{}}],"line":359},"39":{"loc":{"start":{"line":365,"column":8},"end":{"line":367,"column":9}},"type":"if","locations":[{"start":{"line":365,"column":8},"end":{"line":367,"column":9}},{"start":{},"end":{}}],"line":365},"40":{"loc":{"start":{"line":365,"column":12},"end":{"line":365,"column":79}},"type":"binary-expr","locations":[{"start":{"line":365,"column":12},"end":{"line":365,"column":44}},{"start":{"line":365,"column":48},"end":{"line":365,"column":79}}],"line":365},"41":{"loc":{"start":{"line":370,"column":8},"end":{"line":372,"column":9}},"type":"if","locations":[{"start":{"line":370,"column":8},"end":{"line":372,"column":9}},{"start":{},"end":{}}],"line":370},"42":{"loc":{"start":{"line":377,"column":12},"end":{"line":379,"column":13}},"type":"if","locations":[{"start":{"line":377,"column":12},"end":{"line":379,"column":13}},{"start":{},"end":{}}],"line":377},"43":{"loc":{"start":{"line":388,"column":35},"end":{"line":388,"column":55}},"type":"default-arg","locations":[{"start":{"line":388,"column":53},"end":{"line":388,"column":55}}],"line":388},"44":{"loc":{"start":{"line":402,"column":27},"end":{"line":402,"column":55}},"type":"binary-expr","locations":[{"start":{"line":402,"column":27},"end":{"line":402,"column":49}},{"start":{"line":402,"column":53},"end":{"line":402,"column":55}}],"line":402},"45":{"loc":{"start":{"line":406,"column":12},"end":{"line":408,"column":13}},"type":"if","locations":[{"start":{"line":406,"column":12},"end":{"line":408,"column":13}},{"start":{},"end":{}}],"line":406},"46":{"loc":{"start":{"line":417,"column":8},"end":{"line":417,"column":50}},"type":"if","locations":[{"start":{"line":417,"column":8},"end":{"line":417,"column":50}},{"start":{},"end":{}}],"line":417},"47":{"loc":{"start":{"line":425,"column":8},"end":{"line":427,"column":9}},"type":"if","locations":[{"start":{"line":425,"column":8},"end":{"line":427,"column":9}},{"start":{},"end":{}}],"line":425},"48":{"loc":{"start":{"line":430,"column":8},"end":{"line":432,"column":9}},"type":"if","locations":[{"start":{"line":430,"column":8},"end":{"line":432,"column":9}},{"start":{},"end":{}}],"line":430},"49":{"loc":{"start":{"line":440,"column":27},"end":{"line":440,"column":38}},"type":"default-arg","locations":[{"start":{"line":440,"column":36},"end":{"line":440,"column":38}}],"line":440},"50":{"loc":{"start":{"line":442,"column":8},"end":{"line":444,"column":9}},"type":"if","locations":[{"start":{"line":442,"column":8},"end":{"line":444,"column":9}},{"start":{},"end":{}}],"line":442},"51":{"loc":{"start":{"line":442,"column":12},"end":{"line":442,"column":69}},"type":"binary-expr","locations":[{"start":{"line":442,"column":12},"end":{"line":442,"column":33}},{"start":{"line":442,"column":37},"end":{"line":442,"column":69}}],"line":442},"52":{"loc":{"start":{"line":461,"column":29},"end":{"line":461,"column":40}},"type":"default-arg","locations":[{"start":{"line":461,"column":38},"end":{"line":461,"column":40}}],"line":461},"53":{"loc":{"start":{"line":462,"column":8},"end":{"line":464,"column":9}},"type":"if","locations":[{"start":{"line":462,"column":8},"end":{"line":464,"column":9}},{"start":{},"end":{}}],"line":462},"54":{"loc":{"start":{"line":480,"column":41},"end":{"line":480,"column":53}},"type":"default-arg","locations":[{"start":{"line":480,"column":51},"end":{"line":480,"column":53}}],"line":480}},"s":{"0":1,"1":1,"2":1,"3":1,"4":759,"5":759,"6":759,"7":205,"8":554,"9":554,"10":554,"11":0,"12":28,"13":28,"14":28,"15":2,"16":26,"17":26,"18":1,"19":1,"20":26,"21":26,"22":575,"23":8,"24":8,"25":18,"26":17,"27":1,"28":1,"29":17,"30":16,"31":16,"32":1,"33":1,"34":15,"35":179,"36":2,"37":2,"38":14,"39":14,"40":176,"41":3,"42":3,"43":11,"44":3,"45":3,"46":8,"47":8,"48":23,"49":23,"50":23,"51":3,"52":20,"53":20,"54":20,"55":3,"56":17,"57":25,"58":3,"59":22,"60":1,"61":21,"62":1,"63":20,"64":2,"65":18,"66":1,"67":1,"68":11,"69":1,"70":10,"71":10,"72":10,"73":10,"74":10,"75":2,"76":8,"77":52,"78":8,"79":6,"80":2,"81":1,"82":1,"83":1,"84":17,"85":1,"86":16,"87":16,"88":152,"89":3,"90":54,"91":3,"92":3,"93":13,"94":206,"95":3,"96":10,"97":10,"98":86,"99":5,"100":5,"101":1,"102":4,"103":1,"104":3,"105":3,"106":8,"107":2,"108":1,"109":1,"110":7,"111":7,"112":7,"113":7,"114":27,"115":3,"116":4,"117":4,"118":1,"119":3,"120":3,"121":3,"122":3,"123":3,"124":3,"125":1,"126":2,"127":2,"128":1,"129":1,"130":22,"131":5,"132":17,"133":17,"134":5,"135":1,"136":4,"137":555,"138":1,"139":1},"f":{"0":759,"1":28,"2":23,"3":25,"4":1,"5":11,"6":1,"7":17,"8":54,"9":1,"10":7,"11":4,"12":22,"13":5,"14":555,"15":1},"b":{"0":[205,554],"1":[2],"2":[21],"3":[2,26],"4":[26,25],"5":[1,25],"6":[26,25],"7":[8,567],"8":[17,1],"9":[1,16],"10":[16,1],"11":[1,15],"12":[2,177],"13":[3,173],"14":[3,8],"15":[11,6],"16":[3,20],"17":[3,17],"18":[20,4],"19":[3,22],"20":[1,21],"21":[1,20],"22":[2,18],"23":[0],"24":[9],"25":[1,10],"26":[1,9],"27":[2,8],"28":[8,44],"29":[6,2],"30":[1,1],"31":[1],"32":[15],"33":[1,16],"34":[3,149],"35":[3,0],"36":[3,203],"37":[1,9],"38":[5,81],"39":[1,4],"40":[5,4],"41":[1,3],"42":[2,6],"43":[1],"44":[7,1],"45":[3,24],"46":[1,3],"47":[1,2],"48":[1,1],"49":[0],"50":[5,17],"51":[22,6],"52":[0],"53":[1,4],"54":[0]},"_coverageSchema":"1a1c01bbd47fc00a2c39e90264f33305004495a9","hash":"2af1eb341fbccf8be5114e1d0b48a7bcaf0b89bd"}
}
