TN:
SF:src\policy-layer.js
FN:86,(anonymous_0)
FN:109,(anonymous_1)
FN:222,(anonymous_2)
FN:245,(anonymous_3)
FN:266,(anonymous_4)
FN:276,(anonymous_5)
FN:317,(anonymous_6)
FN:326,(anonymous_7)
FN:335,(anonymous_8)
FN:388,(anonymous_9)
FN:395,(anonymous_10)
FN:416,(anonymous_11)
FN:440,(anonymous_12)
FN:461,(anonymous_13)
FN:473,(anonymous_14)
FN:480,(anonymous_15)
FNF:16
FNH:16
FNDA:759,(anonymous_0)
FNDA:28,(anonymous_1)
FNDA:23,(anonymous_2)
FNDA:25,(anonymous_3)
FNDA:1,(anonymous_4)
FNDA:11,(anonymous_5)
FNDA:1,(anonymous_6)
FNDA:17,(anonymous_7)
FNDA:54,(anonymous_8)
FNDA:1,(anonymous_9)
FNDA:7,(anonymous_10)
FNDA:4,(anonymous_11)
FNDA:22,(anonymous_12)
FNDA:5,(anonymous_13)
FNDA:555,(anonymous_14)
FNDA:1,(anonymous_15)
DA:21,1
DA:38,1
DA:46,1
DA:61,1
DA:87,759
DA:88,759
DA:91,759
DA:92,205
DA:96,554
DA:97,554
DA:98,554
DA:101,0
DA:110,28
DA:111,28
DA:113,28
DA:114,2
DA:118,26
DA:119,26
DA:120,1
DA:121,1
DA:125,26
DA:130,26
DA:131,575
DA:132,8
DA:133,8
DA:143,18
DA:144,17
DA:145,1
DA:146,1
DA:156,17
DA:157,16
DA:158,16
DA:159,1
DA:160,1
DA:169,15
DA:170,179
DA:171,2
DA:172,2
DA:183,14
DA:192,14
DA:193,176
DA:194,3
DA:195,3
DA:205,11
DA:206,3
DA:207,3
DA:215,8
DA:216,8
DA:223,23
DA:226,23
DA:227,23
DA:228,3
DA:232,20
DA:233,20
DA:235,20
DA:236,3
DA:239,17
DA:247,25
DA:250,22
DA:255,21
DA:258,20
DA:260,18
DA:267,1
DA:268,1
DA:277,11
DA:279,10
DA:280,10
DA:283,10
DA:290,10
DA:291,10
DA:292,2
DA:296,8
DA:297,52
DA:299,8
DA:300,6
DA:305,2
DA:306,1
DA:311,1
DA:318,1
DA:327,17
DA:329,16
DA:332,16
DA:333,152
DA:335,54
DA:336,3
DA:338,3
DA:344,13
DA:345,206
DA:346,3
DA:351,10
DA:358,10
DA:359,86
DA:360,5
DA:365,5
DA:366,1
DA:370,4
DA:371,1
DA:375,3
DA:376,3
DA:377,8
DA:378,2
DA:382,1
DA:389,1
DA:396,7
DA:402,7
DA:403,7
DA:405,7
DA:406,27
DA:407,3
DA:410,4
DA:417,4
DA:419,3
DA:420,3
DA:421,3
DA:422,3
DA:423,3
DA:425,3
DA:426,1
DA:429,2
DA:430,2
DA:431,1
DA:434,1
DA:442,22
DA:443,5
DA:447,17
DA:454,17
DA:462,5
DA:463,1
DA:467,4
DA:474,555
DA:481,1
DA:490,1
LF:132
LH:131
BRDA:91,0,0,205
BRDA:91,0,1,554
BRDA:109,1,0,2
BRDA:109,2,0,21
BRDA:113,3,0,2
BRDA:113,3,1,26
BRDA:118,4,0,26
BRDA:118,4,1,25
BRDA:119,5,0,1
BRDA:119,5,1,25
BRDA:127,6,0,26
BRDA:127,6,1,25
BRDA:131,7,0,8
BRDA:131,7,1,567
BRDA:143,8,0,17
BRDA:143,8,1,1
BRDA:144,9,0,1
BRDA:144,9,1,16
BRDA:156,10,0,16
BRDA:156,10,1,1
BRDA:158,11,0,1
BRDA:158,11,1,15
BRDA:170,12,0,2
BRDA:170,12,1,177
BRDA:193,13,0,3
BRDA:193,13,1,173
BRDA:205,14,0,3
BRDA:205,14,1,8
BRDA:205,15,0,11
BRDA:205,15,1,6
BRDA:227,16,0,3
BRDA:227,16,1,20
BRDA:235,17,0,3
BRDA:235,17,1,17
BRDA:235,18,0,20
BRDA:235,18,1,4
BRDA:247,19,0,3
BRDA:247,19,1,22
BRDA:250,20,0,1
BRDA:250,20,1,21
BRDA:255,21,0,1
BRDA:255,21,1,20
BRDA:258,22,0,2
BRDA:258,22,1,18
BRDA:266,23,0,0
BRDA:276,24,0,9
BRDA:277,25,0,1
BRDA:277,25,1,10
BRDA:283,26,0,1
BRDA:283,26,1,9
BRDA:291,27,0,2
BRDA:291,27,1,8
BRDA:297,28,0,8
BRDA:297,28,1,44
BRDA:299,29,0,6
BRDA:299,29,1,2
BRDA:305,30,0,1
BRDA:305,30,1,1
BRDA:317,31,0,1
BRDA:326,32,0,15
BRDA:327,33,0,1
BRDA:327,33,1,16
BRDA:333,34,0,3
BRDA:333,34,1,149
BRDA:336,35,0,3
BRDA:336,35,1,0
BRDA:345,36,0,3
BRDA:345,36,1,203
BRDA:351,37,0,1
BRDA:351,37,1,9
BRDA:359,38,0,5
BRDA:359,38,1,81
BRDA:365,39,0,1
BRDA:365,39,1,4
BRDA:365,40,0,5
BRDA:365,40,1,4
BRDA:370,41,0,1
BRDA:370,41,1,3
BRDA:377,42,0,2
BRDA:377,42,1,6
BRDA:388,43,0,1
BRDA:402,44,0,7
BRDA:402,44,1,1
BRDA:406,45,0,3
BRDA:406,45,1,24
BRDA:417,46,0,1
BRDA:417,46,1,3
BRDA:425,47,0,1
BRDA:425,47,1,2
BRDA:430,48,0,1
BRDA:430,48,1,1
BRDA:440,49,0,0
BRDA:442,50,0,5
BRDA:442,50,1,17
BRDA:442,51,0,22
BRDA:442,51,1,6
BRDA:461,52,0,0
BRDA:462,53,0,1
BRDA:462,53,1,4
BRDA:480,54,0,0
BRF:100
BRH:95
end_of_record
